This is pdfTeX, Version 3.141592653-2.6-1.40.24 (MiKTeX 22.3) (preloaded format=pdflatex 2022.4.29)  23 NOV 2022 23:01
entering extended mode
 restricted \write18 enabled.
 %&-line parsing enabled.
**./spatial-script.tex
(spatial-script.tex
LaTeX2e <2021-11-15> patch level 1
L3 programming layer <2022-04-20> (C:\MiKTeX\tex/latex/base\article.cls
Document Class: article 2021/10/04 v1.4n Standard LaTeX document class
(C:\MiKTeX\tex/latex/base\size10.clo
File: size10.clo 2021/10/04 v1.4n Standard LaTeX file (size option)
)
\c@part=\count185
\c@section=\count186
\c@subsection=\count187
\c@subsubsection=\count188
\c@paragraph=\count189
\c@subparagraph=\count190
\c@figure=\count191
\c@table=\count192
\abovecaptionskip=\skip47
\belowcaptionskip=\skip48
\bibindent=\dimen138
) (C:\MiKTeX\tex/latex/amsmath\amsmath.sty
Package: amsmath 2021/10/15 v2.17l AMS math features
\@mathmargin=\skip49
For additional information on amsmath, use the `?' option.
(C:\MiKTeX\tex/latex/amsmath\amstext.sty
Package: amstext 2021/08/26 v2.01 AMS text
(C:\MiKTeX\tex/latex/amsmath\amsgen.sty
File: amsgen.sty 1999/11/30 v2.0 generic functions
\@emptytoks=\toks16
\ex@=\dimen139
)) (C:\MiKTeX\tex/latex/amsmath\amsbsy.sty
Package: amsbsy 1999/11/29 v1.2d Bold Symbols
\pmbraise@=\dimen140
) (C:\MiKTeX\tex/latex/amsmath\amsopn.sty
Package: amsopn 2021/08/26 v2.02 operator names
)
\inf@bad=\count193
LaTeX Info: Redefining \frac on input line 234.
\uproot@=\count194
\leftroot@=\count195
LaTeX Info: Redefining \overline on input line 399.
\classnum@=\count196
\DOTSCASE@=\count197
LaTeX Info: Redefining \ldots on input line 496.
LaTeX Info: Redefining \dots on input line 499.
LaTeX Info: Redefining \cdots on input line 620.
\Mathstrutbox@=\box50
\strutbox@=\box51
\big@size=\dimen141
LaTeX Font Info:    Redeclaring font encoding OML on input line 743.
LaTeX Font Info:    Redeclaring font encoding OMS on input line 744.
\macc@depth=\count198
\c@MaxMatrixCols=\count199
\dotsspace@=\muskip16
\c@parentequation=\count266
\dspbrk@lvl=\count267
\tag@help=\toks17
\row@=\count268
\column@=\count269
\maxfields@=\count270
\andhelp@=\toks18
\eqnshift@=\dimen142
\alignsep@=\dimen143
\tagshift@=\dimen144
\tagwidth@=\dimen145
\totwidth@=\dimen146
\lineht@=\dimen147
\@envbody=\toks19
\multlinegap=\skip50
\multlinetaggap=\skip51
\mathdisplay@stack=\toks20
LaTeX Info: Redefining \[ on input line 2938.
LaTeX Info: Redefining \] on input line 2939.
) (C:\MiKTeX\tex/latex/amsfonts\amssymb.sty
Package: amssymb 2013/01/14 v3.01 AMS font symbols
(C:\MiKTeX\tex/latex/amsfonts\amsfonts.sty
Package: amsfonts 2013/01/14 v3.01 Basic AMSFonts support
\symAMSa=\mathgroup4
\symAMSb=\mathgroup5
LaTeX Font Info:    Redeclaring math symbol \hbar on input line 98.
LaTeX Font Info:    Overwriting math alphabet `\mathfrak' in version `bold'
(Font)                  U/euf/m/n --> U/euf/b/n on input line 106.
)) (C:\MiKTeX\tex/latex/lm\lmodern.sty
Package: lmodern 2009/10/30 v1.6 Latin Modern Fonts
LaTeX Font Info:    Overwriting symbol font `operators' in version `normal'
(Font)                  OT1/cmr/m/n --> OT1/lmr/m/n on input line 22.
LaTeX Font Info:    Overwriting symbol font `letters' in version `normal'
(Font)                  OML/cmm/m/it --> OML/lmm/m/it on input line 23.
LaTeX Font Info:    Overwriting symbol font `symbols' in version `normal'
(Font)                  OMS/cmsy/m/n --> OMS/lmsy/m/n on input line 24.
LaTeX Font Info:    Overwriting symbol font `largesymbols' in version `normal'
(Font)                  OMX/cmex/m/n --> OMX/lmex/m/n on input line 25.
LaTeX Font Info:    Overwriting symbol font `operators' in version `bold'
(Font)                  OT1/cmr/bx/n --> OT1/lmr/bx/n on input line 26.
LaTeX Font Info:    Overwriting symbol font `letters' in version `bold'
(Font)                  OML/cmm/b/it --> OML/lmm/b/it on input line 27.
LaTeX Font Info:    Overwriting symbol font `symbols' in version `bold'
(Font)                  OMS/cmsy/b/n --> OMS/lmsy/b/n on input line 28.
LaTeX Font Info:    Overwriting symbol font `largesymbols' in version `bold'
(Font)                  OMX/cmex/m/n --> OMX/lmex/m/n on input line 29.
LaTeX Font Info:    Overwriting math alphabet `\mathbf' in version `normal'
(Font)                  OT1/cmr/bx/n --> OT1/lmr/bx/n on input line 31.
LaTeX Font Info:    Overwriting math alphabet `\mathsf' in version `normal'
(Font)                  OT1/cmss/m/n --> OT1/lmss/m/n on input line 32.
LaTeX Font Info:    Overwriting math alphabet `\mathit' in version `normal'
(Font)                  OT1/cmr/m/it --> OT1/lmr/m/it on input line 33.
LaTeX Font Info:    Overwriting math alphabet `\mathtt' in version `normal'
(Font)                  OT1/cmtt/m/n --> OT1/lmtt/m/n on input line 34.
LaTeX Font Info:    Overwriting math alphabet `\mathbf' in version `bold'
(Font)                  OT1/cmr/bx/n --> OT1/lmr/bx/n on input line 35.
LaTeX Font Info:    Overwriting math alphabet `\mathsf' in version `bold'
(Font)                  OT1/cmss/bx/n --> OT1/lmss/bx/n on input line 36.
LaTeX Font Info:    Overwriting math alphabet `\mathit' in version `bold'
(Font)                  OT1/cmr/bx/it --> OT1/lmr/bx/it on input line 37.
LaTeX Font Info:    Overwriting math alphabet `\mathtt' in version `bold'
(Font)                  OT1/cmtt/m/n --> OT1/lmtt/m/n on input line 38.
) (C:\MiKTeX\tex/generic/iftex\iftex.sty
Package: iftex 2022/02/03 v1.0f TeX engine tests
) (C:\MiKTeX\tex/latex/base\fontenc.sty
Package: fontenc 2021/04/29 v2.0v Standard LaTeX package
LaTeX Font Info:    Trying to load font information for T1+lmr on input line 11
2.
(C:\MiKTeX\tex/latex/lm\t1lmr.fd
File: t1lmr.fd 2009/10/30 v1.6 Font defs for Latin Modern
)) (C:\MiKTeX\tex/latex/base\inputenc.sty
Package: inputenc 2021/02/14 v1.3d Input encoding file
\inpenc@prehook=\toks21
\inpenc@posthook=\toks22
) (C:\MiKTeX\tex/latex/base\textcomp.sty
Package: textcomp 2020/02/02 v2.0n Standard LaTeX package
) (C:\MiKTeX\tex/latex/upquote\upquote.sty
Package: upquote 2012/04/19 v1.3 upright-quote and grave-accent glyphs in verba
tim
) (C:\MiKTeX\tex/latex/microtype\microtype.sty
Package: microtype 2022/03/14 v3.0d Micro-typographical refinements (RS)
(C:\MiKTeX\tex/latex/graphics\keyval.sty
Package: keyval 2014/10/28 v1.15 key=value parser (DPC)
\KV@toks@=\toks23
) (C:\MiKTeX\tex/latex/etoolbox\etoolbox.sty
Package: etoolbox 2020/10/05 v2.5k e-TeX tools for LaTeX (JAW)
\etb@tempcnta=\count271
)
\MT@toks=\toks24
\MT@tempbox=\box52
\MT@count=\count272
LaTeX Info: Redefining \noprotrusionifhmode on input line 1027.
LaTeX Info: Redefining \leftprotrusion on input line 1028.
LaTeX Info: Redefining \rightprotrusion on input line 1036.
LaTeX Info: Redefining \textls on input line 1195.
\MT@outer@kern=\dimen148
LaTeX Info: Redefining \textmicrotypecontext on input line 1781.
\MT@listname@count=\count273
(C:\MiKTeX\tex/latex/microtype\microtype-pdftex.def
File: microtype-pdftex.def 2022/03/14 v3.0d Definitions specific to pdftex (RS)

LaTeX Info: Redefining \lsstyle on input line 900.
LaTeX Info: Redefining \lslig on input line 900.
\MT@outer@space=\skip52
)
Package microtype Info: Loading configuration file microtype.cfg.
(C:\MiKTeX\tex/latex/microtype\microtype.cfg
File: microtype.cfg 2022/03/14 v3.0d microtype main configuration file (RS)
)) (C:\MiKTeX\tex/latex/parskip\parskip.sty
Package: parskip 2021-03-14 v2.0h non-zero parskip adjustments
(C:\MiKTeX\tex/latex/kvoptions\kvoptions.sty
Package: kvoptions 2020-10-07 v3.14 Key value format for package options (HO)
(C:\MiKTeX\tex/generic/ltxcmds\ltxcmds.sty
Package: ltxcmds 2020-05-10 v1.25 LaTeX kernel commands for general use (HO)
) (C:\MiKTeX\tex/generic/kvsetkeys\kvsetkeys.sty
Package: kvsetkeys 2019/12/15 v1.18 Key value parser (HO)
))) (C:\MiKTeX\tex/latex/xcolor\xcolor.sty
Package: xcolor 2021/10/31 v2.13 LaTeX color extensions (UK)
(C:\MiKTeX\tex/latex/graphics-cfg\color.cfg
File: color.cfg 2016/01/02 v1.6 sample color configuration
)
Package xcolor Info: Driver file: pdftex.def on input line 227.
(C:\MiKTeX\tex/latex/graphics-def\pdftex.def
File: pdftex.def 2020/10/05 v1.2a Graphics/color driver for pdftex
)
Package xcolor Info: Model `cmy' substituted by `cmy0' on input line 1352.
Package xcolor Info: Model `hsb' substituted by `rgb' on input line 1356.
Package xcolor Info: Model `RGB' extended on input line 1368.
Package xcolor Info: Model `HTML' substituted by `rgb' on input line 1370.
Package xcolor Info: Model `Hsb' substituted by `hsb' on input line 1371.
Package xcolor Info: Model `tHsb' substituted by `hsb' on input line 1372.
Package xcolor Info: Model `HSB' substituted by `hsb' on input line 1373.
Package xcolor Info: Model `Gray' substituted by `gray' on input line 1374.
Package xcolor Info: Model `wave' substituted by `hsb' on input line 1375.
) (C:\MiKTeX\tex/latex/xurl\xurl.sty
Package: xurl 2022/01/09 v 0.10 modify URL breaks
(C:\MiKTeX\tex/latex/url\url.sty
\Urlmuskip=\muskip17
Package: url 2013/09/16  ver 3.4  Verb mode for urls, etc.
)) (C:\MiKTeX\tex/latex/bookmark\bookmark.sty
Package: bookmark 2020-11-06 v1.29 PDF bookmarks (HO)
(C:\MiKTeX\tex/latex/hyperref\hyperref.sty
Package: hyperref 2022-02-21 v7.00n Hypertext links for LaTeX
(C:\MiKTeX\tex/generic/pdftexcmds\pdftexcmds.sty
Package: pdftexcmds 2020-06-27 v0.33 Utility functions of pdfTeX for LuaTeX (HO
)
(C:\MiKTeX\tex/generic/infwarerr\infwarerr.sty
Package: infwarerr 2019/12/03 v1.5 Providing info/warning/error messages (HO)
)
Package pdftexcmds Info: \pdf@primitive is available.
Package pdftexcmds Info: \pdf@ifprimitive is available.
Package pdftexcmds Info: \pdfdraftmode found.
) (C:\MiKTeX\tex/generic/kvdefinekeys\kvdefinekeys.sty
Package: kvdefinekeys 2019-12-19 v1.6 Define keys (HO)
) (C:\MiKTeX\tex/generic/pdfescape\pdfescape.sty
Package: pdfescape 2019/12/09 v1.15 Implements pdfTeX's escape features (HO)
) (C:\MiKTeX\tex/latex/hycolor\hycolor.sty
Package: hycolor 2020-01-27 v1.10 Color options for hyperref/bookmark (HO)
) (C:\MiKTeX\tex/latex/letltxmacro\letltxmacro.sty
Package: letltxmacro 2019/12/03 v1.6 Let assignment for LaTeX macros (HO)
) (C:\MiKTeX\tex/latex/auxhook\auxhook.sty
Package: auxhook 2019-12-17 v1.6 Hooks for auxiliary files (HO)
)
\@linkdim=\dimen149
\Hy@linkcounter=\count274
\Hy@pagecounter=\count275
(C:\MiKTeX\tex/latex/hyperref\pd1enc.def
File: pd1enc.def 2022-02-21 v7.00n Hyperref: PDFDocEncoding definition (HO)
Now handling font encoding PD1 ...
... no UTF-8 mapping file for font encoding PD1
) (C:\MiKTeX\tex/generic/intcalc\intcalc.sty
Package: intcalc 2019/12/15 v1.3 Expandable calculations with integers (HO)
) (C:\MiKTeX\tex/generic/etexcmds\etexcmds.sty
Package: etexcmds 2019/12/15 v1.7 Avoid name clashes with e-TeX commands (HO)
)
\Hy@SavedSpaceFactor=\count276
(C:\MiKTeX\tex/latex/hyperref\puenc.def
File: puenc.def 2022-02-21 v7.00n Hyperref: PDF Unicode definition (HO)
Now handling font encoding PU ...
... no UTF-8 mapping file for font encoding PU
)
Package hyperref Info: Option `unicode' set `true' on input line 4018.
Package hyperref Info: Hyper figures OFF on input line 4137.
Package hyperref Info: Link nesting OFF on input line 4142.
Package hyperref Info: Hyper index ON on input line 4145.
Package hyperref Info: Plain pages OFF on input line 4152.
Package hyperref Info: Backreferencing OFF on input line 4157.
Package hyperref Info: Implicit mode ON; LaTeX internals redefined.
Package hyperref Info: Bookmarks ON on input line 4390.
\c@Hy@tempcnt=\count277
LaTeX Info: Redefining \url on input line 4749.
\XeTeXLinkMargin=\dimen150
(C:\MiKTeX\tex/generic/bitset\bitset.sty
Package: bitset 2019/12/09 v1.3 Handle bit-vector datatype (HO)
(C:\MiKTeX\tex/generic/bigintcalc\bigintcalc.sty
Package: bigintcalc 2019/12/15 v1.5 Expandable calculations on big integers (HO
)
))
\Fld@menulength=\count278
\Field@Width=\dimen151
\Fld@charsize=\dimen152
Package hyperref Info: Hyper figures OFF on input line 6027.
Package hyperref Info: Link nesting OFF on input line 6032.
Package hyperref Info: Hyper index ON on input line 6035.
Package hyperref Info: backreferencing OFF on input line 6042.
Package hyperref Info: Link coloring OFF on input line 6047.
Package hyperref Info: Link coloring with OCG OFF on input line 6052.
Package hyperref Info: PDF/A mode OFF on input line 6057.
LaTeX Info: Redefining \ref on input line 6097.
LaTeX Info: Redefining \pageref on input line 6101.
(C:\MiKTeX\tex/latex/base\atbegshi-ltx.sty
Package: atbegshi-ltx 2021/01/10 v1.0c Emulation of the original atbegshi
package with kernel methods
)
\Hy@abspage=\count279
\c@Item=\count280
\c@Hfootnote=\count281
)
Package hyperref Info: Driver (autodetected): hpdftex.
(C:\MiKTeX\tex/latex/hyperref\hpdftex.def
File: hpdftex.def 2022-02-21 v7.00n Hyperref driver for pdfTeX
(C:\MiKTeX\tex/latex/base\atveryend-ltx.sty
Package: atveryend-ltx 2020/08/19 v1.0a Emulation of the original atveryend pac
kage
with kernel methods
)
\Fld@listcount=\count282
\c@bookmark@seq@number=\count283
(C:\MiKTeX\tex/latex/rerunfilecheck\rerunfilecheck.sty
Package: rerunfilecheck 2019/12/05 v1.9 Rerun checks for auxiliary files (HO)
(C:\MiKTeX\tex/generic/uniquecounter\uniquecounter.sty
Package: uniquecounter 2019/12/15 v1.4 Provide unlimited unique counter (HO)
)
Package uniquecounter Info: New unique counter `rerunfilecheck' on input line 2
86.
)
\Hy@SectionHShift=\skip53
) (C:\MiKTeX\tex/latex/bookmark\bkm-pdftex.def
File: bkm-pdftex.def 2020-11-06 v1.29 bookmark driver for pdfTeX (HO)
\BKM@id=\count284
)) (C:\MiKTeX\tex/latex/geometry\geometry.sty
Package: geometry 2020/01/02 v5.9 Page Geometry
(C:\MiKTeX\tex/generic/iftex\ifvtex.sty
Package: ifvtex 2019/10/25 v1.7 ifvtex legacy package. Use iftex instead.
)
\Gm@cnth=\count285
\Gm@cntv=\count286
\c@Gm@tempcnt=\count287
\Gm@bindingoffset=\dimen153
\Gm@wd@mp=\dimen154
\Gm@odd@mp=\dimen155
\Gm@even@mp=\dimen156
\Gm@layoutwidth=\dimen157
\Gm@layoutheight=\dimen158
\Gm@layouthoffset=\dimen159
\Gm@layoutvoffset=\dimen160
\Gm@dimlist=\toks25
(C:\MiKTeX\tex/latex/geometry\geometry.cfg)) (C:\MiKTeX\tex/latex/graphics\grap
hicx.sty
Package: graphicx 2021/09/16 v1.2d Enhanced LaTeX Graphics (DPC,SPQR)
(C:\MiKTeX\tex/latex/graphics\graphics.sty
Package: graphics 2021/03/04 v1.4d Standard LaTeX Graphics (DPC,SPQR)
(C:\MiKTeX\tex/latex/graphics\trig.sty
Package: trig 2021/08/11 v1.11 sin cos tan (DPC)
) (C:\MiKTeX\tex/latex/graphics-cfg\graphics.cfg
File: graphics.cfg 2016/06/04 v1.11 sample graphics configuration
)
Package graphics Info: Driver file: pdftex.def on input line 107.
)
\Gin@req@height=\dimen161
\Gin@req@width=\dimen162
) (C:\MiKTeX\tex/latex/l3backend\l3backend-pdftex.def
File: l3backend-pdftex.def 2022-04-20 L3 backend support: PDF output (pdfTeX)
\l__color_backend_stack_int=\count288
\l__pdf_internal_box=\box53
)

LaTeX Warning: Unused global option(s):
    [ledgerpaper].

(spatial-script.aux)
\openout1 = `spatial-script.aux'.

LaTeX Font Info:    Checking defaults for OML/cmm/m/it on input line 78.
LaTeX Font Info:    ... okay on input line 78.
LaTeX Font Info:    Checking defaults for OMS/cmsy/m/n on input line 78.
LaTeX Font Info:    ... okay on input line 78.
LaTeX Font Info:    Checking defaults for OT1/cmr/m/n on input line 78.
LaTeX Font Info:    ... okay on input line 78.
LaTeX Font Info:    Checking defaults for T1/cmr/m/n on input line 78.
LaTeX Font Info:    ... okay on input line 78.
LaTeX Font Info:    Checking defaults for TS1/cmr/m/n on input line 78.
LaTeX Font Info:    ... okay on input line 78.
LaTeX Font Info:    Checking defaults for OMX/cmex/m/n on input line 78.
LaTeX Font Info:    ... okay on input line 78.
LaTeX Font Info:    Checking defaults for U/cmr/m/n on input line 78.
LaTeX Font Info:    ... okay on input line 78.
LaTeX Font Info:    Checking defaults for PD1/pdf/m/n on input line 78.
LaTeX Font Info:    ... okay on input line 78.
LaTeX Font Info:    Checking defaults for PU/pdf/m/n on input line 78.
LaTeX Font Info:    ... okay on input line 78.
LaTeX Info: Redefining \microtypecontext on input line 78.
Package microtype Info: Applying patch `item' on input line 78.
Package microtype Info: Applying patch `toc' on input line 78.
Package microtype Info: Applying patch `eqnum' on input line 78.
Package microtype Info: Applying patch `footnote' on input line 78.
Package microtype Info: Generating PDF output.
Package microtype Info: Character protrusion enabled (level 2).
Package microtype Info: Using protrusion set `basicmath'.
Package microtype Info: Automatic font expansion enabled (level 2),
(microtype)             stretch: 20, shrink: 20, step: 1, non-selected.
Package microtype Info: Using default expansion set `alltext-nott'.
LaTeX Info: Redefining \showhyphens on input line 78.
Package microtype Info: No adjustment of tracking.
Package microtype Info: No adjustment of interword spacing.
Package microtype Info: No adjustment of character kerning.
(C:\MiKTeX\tex/latex/microtype\mt-cmr.cfg
File: mt-cmr.cfg 2013/05/19 v2.2 microtype config. file: Computer Modern Roman 
(RS)
) (C:\MiKTeX\tex/context/base/mkii\supp-pdf.mkii
[Loading MPS to PDF converter (version 2006.09.02).]
\scratchcounter=\count289
\scratchdimen=\dimen163
\scratchbox=\box54
\nofMPsegments=\count290
\nofMParguments=\count291
\everyMPshowfont=\toks26
\MPscratchCnt=\count292
\MPscratchDim=\dimen164
\MPnumerator=\count293
\makeMPintoPDFobject=\count294
\everyMPtoPDFconversion=\toks27
) (C:\MiKTeX\tex/latex/epstopdf-pkg\epstopdf-base.sty
Package: epstopdf-base 2020-01-24 v2.11 Base part for package epstopdf
Package epstopdf-base Info: Redefining graphics rule for `.eps' on input line 4
85.
(C:\MiKTeX\tex/latex/00miktex\epstopdf-sys.cfg
File: epstopdf-sys.cfg 2021/03/18 v2.0 Configuration of epstopdf for MiKTeX
))
Package hyperref Info: Link coloring OFF on input line 78.
(C:\MiKTeX\tex/latex/hyperref\nameref.sty
Package: nameref 2021-04-02 v2.47 Cross-referencing by name of section
(C:\MiKTeX\tex/latex/refcount\refcount.sty
Package: refcount 2019/12/15 v3.6 Data extraction from label references (HO)
) (C:\MiKTeX\tex/generic/gettitlestring\gettitlestring.sty
Package: gettitlestring 2019/12/15 v1.6 Cleanup title references (HO)
)
\c@section@level=\count295
)
LaTeX Info: Redefining \ref on input line 78.
LaTeX Info: Redefining \pageref on input line 78.
LaTeX Info: Redefining \nameref on input line 78.
*geometry* driver: auto-detecting
*geometry* detected driver: pdftex
*geometry* verbose mode - [ preamble ] result:
* driver: pdftex
* paper: <default>
* layout: <same size as paper>
* layoutoffset:(h,v)=(0.0pt,0.0pt)
* modes: 
* h-part:(L,W,R)=(49.79231pt, 514.71037pt, 49.79231pt)
* v-part:(T,H,B)=(49.79231pt, 695.38536pt, 49.79231pt)
* \paperwidth=614.295pt
* \paperheight=794.96999pt
* \textwidth=514.71037pt
* \textheight=695.38536pt
* \oddsidemargin=-22.47768pt
* \evensidemargin=-22.47768pt
* \topmargin=-59.47768pt
* \headheight=12.0pt
* \headsep=25.0pt
* \topskip=10.0pt
* \footskip=30.0pt
* \marginparwidth=65.0pt
* \marginparsep=11.0pt
* \columnsep=10.0pt
* \skip\footins=9.0pt plus 4.0pt minus 2.0pt
* \hoffset=0.0pt
* \voffset=0.0pt
* \mag=1000
* \@twocolumnfalse
* \@twosidefalse
* \@mparswitchfalse
* \@reversemarginfalse
* (1in=72.27pt=25.4mm, 1cm=28.453pt)

LaTeX Font Info:    Trying to load font information for OT1+lmr on input line 8
0.
(C:\MiKTeX\tex/latex/lm\ot1lmr.fd
File: ot1lmr.fd 2009/10/30 v1.6 Font defs for Latin Modern
)
LaTeX Font Info:    Trying to load font information for OML+lmm on input line 8
0.
(C:\MiKTeX\tex/latex/lm\omllmm.fd
File: omllmm.fd 2009/10/30 v1.6 Font defs for Latin Modern
)
LaTeX Font Info:    Trying to load font information for OMS+lmsy on input line 
80.
(C:\MiKTeX\tex/latex/lm\omslmsy.fd
File: omslmsy.fd 2009/10/30 v1.6 Font defs for Latin Modern
)
LaTeX Font Info:    Trying to load font information for OMX+lmex on input line 
80.
(C:\MiKTeX\tex/latex/lm\omxlmex.fd
File: omxlmex.fd 2009/10/30 v1.6 Font defs for Latin Modern
)
LaTeX Font Info:    External font `lmex10' loaded for size
(Font)              <12> on input line 80.
LaTeX Font Info:    External font `lmex10' loaded for size
(Font)              <8> on input line 80.
LaTeX Font Info:    External font `lmex10' loaded for size
(Font)              <6> on input line 80.
LaTeX Font Info:    Trying to load font information for U+msa on input line 80.

(C:\MiKTeX\tex/latex/amsfonts\umsa.fd
File: umsa.fd 2013/01/14 v3.01 AMS symbols A
) (C:\MiKTeX\tex/latex/microtype\mt-msa.cfg
File: mt-msa.cfg 2006/02/04 v1.1 microtype config. file: AMS symbols (a) (RS)
)
LaTeX Font Info:    Trying to load font information for U+msb on input line 80.

(C:\MiKTeX\tex/latex/amsfonts\umsb.fd
File: umsb.fd 2013/01/14 v3.01 AMS symbols B
) (C:\MiKTeX\tex/latex/microtype\mt-msb.cfg
File: mt-msb.cfg 2005/06/01 v1.0 microtype config. file: AMS symbols (b) (RS)
) (spatial-script.toc
LaTeX Font Info:    External font `lmex10' loaded for size
(Font)              <10> on input line 2.
LaTeX Font Info:    External font `lmex10' loaded for size
(Font)              <7> on input line 2.
LaTeX Font Info:    External font `lmex10' loaded for size
(Font)              <5> on input line 2.
)
\tf@toc=\write3
\openout3 = `spatial-script.toc'.

[1

{C:/Users/andy1/AppData/Local/MiKTeX/fonts/map/pdftex/pdftex.map}]
<spatial-script_files/figure-latex/escapement bubble plot-1.pdf, id=40, 433.62p
t x 578.16pt>
File: spatial-script_files/figure-latex/escapement bubble plot-1.pdf Graphic fi
le (type pdf)
<use spatial-script_files/figure-latex/escapement bubble plot-1.pdf>
Package pdftex.def Info: spatial-script_files/figure-latex/escapement bubble pl
ot-1.pdf  used on input line 96.
(pdftex.def)             Requested size: 433.63878pt x 578.18504pt.
[2 <./spatial-script_files/figure-latex/escapement bubble plot-1.pdf>]
<spatial-script_files/figure-latex/escapement filtered streams only-1.pdf, id=5
7, 505.89pt x 578.16pt>
File: spatial-script_files/figure-latex/escapement filtered streams only-1.pdf 
Graphic file (type pdf)
<use spatial-script_files/figure-latex/escapement filtered streams only-1.pdf>
Package pdftex.def Info: spatial-script_files/figure-latex/escapement filtered 
streams only-1.pdf  used on input line 107.
(pdftex.def)             Requested size: 505.89645pt x 578.1674pt.
[3 <./spatial-script_files/figure-latex/escapement filtered streams only-1.pdf>
]
<spatial-script_files/figure-latex/unnamed-chunk-1-1.pdf, id=68, 505.89pt x 505
.89pt>
File: spatial-script_files/figure-latex/unnamed-chunk-1-1.pdf Graphic file (typ
e pdf)
<use spatial-script_files/figure-latex/unnamed-chunk-1-1.pdf>
Package pdftex.def Info: spatial-script_files/figure-latex/unnamed-chunk-1-1.pd
f  used on input line 121.
(pdftex.def)             Requested size: 505.89645pt x 505.89645pt.
[4 <./spatial-script_files/figure-latex/unnamed-chunk-1-1.pdf>]
<spatial-script_files/figure-latex/metric plots-1.pdf, id=80, 433.62pt x 578.16
pt>
File: spatial-script_files/figure-latex/metric plots-1.pdf Graphic file (type p
df)
<use spatial-script_files/figure-latex/metric plots-1.pdf>
Package pdftex.def Info: spatial-script_files/figure-latex/metric plots-1.pdf  
used on input line 133.
(pdftex.def)             Requested size: 433.63878pt x 578.18504pt.
[5 <./spatial-script_files/figure-latex/metric plots-1.pdf>]
<spatial-script_files/figure-latex/moving average and LOESS plots-1.pdf, id=92,
 433.62pt x 361.35pt>
File: spatial-script_files/figure-latex/moving average and LOESS plots-1.pdf Gr
aphic file (type pdf)
<use spatial-script_files/figure-latex/moving average and LOESS plots-1.pdf>
Package pdftex.def Info: spatial-script_files/figure-latex/moving average and L
OESS plots-1.pdf  used on input line 148.
(pdftex.def)             Requested size: 433.61894pt x 361.34912pt.
[6 <./spatial-script_files/figure-latex/moving average and LOESS plots-1.pdf>]
<spatial-script_files/figure-latex/prepost boxplot-1.pdf, id=104, 433.62pt x 50
5.89pt>
File: spatial-script_files/figure-latex/prepost boxplot-1.pdf Graphic file (typ
e pdf)
<use spatial-script_files/figure-latex/prepost boxplot-1.pdf>
Package pdftex.def Info: spatial-script_files/figure-latex/prepost boxplot-1.pd
f  used on input line 163.
(pdftex.def)             Requested size: 433.62555pt x 505.89645pt.
<spatial-script_files/figure-latex/rps figure pre post with lm-1.pdf, id=105, 4
33.62pt x 505.89pt>
File: spatial-script_files/figure-latex/rps figure pre post with lm-1.pdf Graph
ic file (type pdf)
<use spatial-script_files/figure-latex/rps figure pre post with lm-1.pdf>
Package pdftex.def Info: spatial-script_files/figure-latex/rps figure pre post 
with lm-1.pdf  used on input line 172.
(pdftex.def)             Requested size: 433.62555pt x 505.89645pt.

LaTeX Warning: `!h' float specifier changed to `!ht'.

<spatial-script_files/figure-latex/rps figure boxplot-1.pdf, id=106, 433.62pt x
 505.89pt>
File: spatial-script_files/figure-latex/rps figure boxplot-1.pdf Graphic file (
type pdf)
<use spatial-script_files/figure-latex/rps figure boxplot-1.pdf>
Package pdftex.def Info: spatial-script_files/figure-latex/rps figure boxplot-1
.pdf  used on input line 181.
(pdftex.def)             Requested size: 433.62555pt x 505.89645pt.

LaTeX Warning: `!h' float specifier changed to `!ht'.

[7 <./spatial-script_files/figure-latex/prepost boxplot-1.pdf>]
LaTeX Font Info:    Trying to load font information for T1+lmtt on input line 1
97.
(C:\MiKTeX\tex/latex/lm\t1lmtt.fd
File: t1lmtt.fd 2009/10/30 v1.6 Font defs for Latin Modern
)
<spatial-script_files/figure-latex/correlation plots-1.pdf, id=119, 614.295pt x
 686.565pt>
File: spatial-script_files/figure-latex/correlation plots-1.pdf Graphic file (t
ype pdf)
<use spatial-script_files/figure-latex/correlation plots-1.pdf>
Package pdftex.def Info: spatial-script_files/figure-latex/correlation plots-1.
pdf  used on input line 210.
(pdftex.def)             Requested size: 514.73886pt x 575.29639pt.

LaTeX Warning: `!h' float specifier changed to `!ht'.

[8 <./spatial-script_files/figure-latex/rps figure pre post with lm-1.pdf>]
<spatial-script_files/figure-latex/dendrograms for all metrics-1.pdf, id=138, 6
86.565pt x 758.835pt>
File: spatial-script_files/figure-latex/dendrograms for all metrics-1.pdf Graph
ic file (type pdf)
<use spatial-script_files/figure-latex/dendrograms for all metrics-1.pdf>
Package pdftex.def Info: spatial-script_files/figure-latex/dendrograms for all 
metrics-1.pdf  used on input line 224.
(pdftex.def)             Requested size: 514.70248pt x 568.88171pt.

LaTeX Warning: `!h' float specifier changed to `!ht'.

[9 <./spatial-script_files/figure-latex/rps figure boxplot-1.pdf>]
<spatial-script_files/figure-latex/tanglegram z vs log-1.pdf, id=150, 433.62pt 
x 578.16pt>
File: spatial-script_files/figure-latex/tanglegram z vs log-1.pdf Graphic file 
(type pdf)
<use spatial-script_files/figure-latex/tanglegram z vs log-1.pdf>
Package pdftex.def Info: spatial-script_files/figure-latex/tanglegram z vs log-
1.pdf  used on input line 239.
(pdftex.def)             Requested size: 433.63878pt x 578.18504pt.

LaTeX Warning: `!h' float specifier changed to `!ht'.

[10 <./spatial-script_files/figure-latex/correlation plots-1.pdf>]
<spatial-script_files/figure-latex/tanglegram z vs standardized esc-1.pdf, id=1
63, 433.62pt x 578.16pt>
File: spatial-script_files/figure-latex/tanglegram z vs standardized esc-1.pdf 
Graphic file (type pdf)
<use spatial-script_files/figure-latex/tanglegram z vs standardized esc-1.pdf>
Package pdftex.def Info: spatial-script_files/figure-latex/tanglegram z vs stan
dardized esc-1.pdf  used on input line 248.
(pdftex.def)             Requested size: 433.63878pt x 578.18504pt.

LaTeX Warning: `!h' float specifier changed to `!ht'.

<spatial-script_files/figure-latex/tanglegram a vs m.ave-1.pdf, id=164, 433.62p
t x 578.16pt>
File: spatial-script_files/figure-latex/tanglegram a vs m.ave-1.pdf Graphic fil
e (type pdf)
<use spatial-script_files/figure-latex/tanglegram a vs m.ave-1.pdf>
Package pdftex.def Info: spatial-script_files/figure-latex/tanglegram a vs m.av
e-1.pdf  used on input line 257.
(pdftex.def)             Requested size: 433.63878pt x 578.18504pt.

LaTeX Warning: `!h' float specifier changed to `!ht'.

<spatial-script_files/figure-latex/Corr plots for z-score, pre- and post-1980-1
.pdf, id=165, 433.62pt x 578.16pt>
File: spatial-script_files/figure-latex/Corr plots for z-score, pre- and post-1
980-1.pdf Graphic file (type pdf)
<use spatial-script_files/figure-latex/Corr plots for z-score, pre- and post-19
80-1.pdf>
Package pdftex.def Info: spatial-script_files/figure-latex/Corr plots for z-sco
re, pre- and post-1980-1.pdf  used on input line 275.
(pdftex.def)             Requested size: 433.63878pt x 578.18504pt.

LaTeX Warning: `!h' float specifier changed to `!ht'.

[11 <./spatial-script_files/figure-latex/dendrograms for all metrics-1.pdf>]
<spatial-script_files/figure-latex/Corr plots for log escapement, pre- and post
-1980-1.pdf, id=179, 433.62pt x 578.16pt>
File: spatial-script_files/figure-latex/Corr plots for log escapement, pre- and
 post-1980-1.pdf Graphic file (type pdf)
<use spatial-script_files/figure-latex/Corr plots for log escapement, pre- and 
post-1980-1.pdf>
Package pdftex.def Info: spatial-script_files/figure-latex/Corr plots for log e
scapement, pre- and post-1980-1.pdf  used on input line 286.
(pdftex.def)             Requested size: 433.63878pt x 578.18504pt.

LaTeX Warning: `!h' float specifier changed to `!ht'.

<spatial-script_files/figure-latex/Corr plots for standardized escapements, pre
- and post-1980-1.pdf, id=180, 433.62pt x 578.16pt>
File: spatial-script_files/figure-latex/Corr plots for standardized escapements
, pre- and post-1980-1.pdf Graphic file (type pdf)
<use spatial-script_files/figure-latex/Corr plots for standardized escapements,
 pre- and post-1980-1.pdf>
Package pdftex.def Info: spatial-script_files/figure-latex/Corr plots for stand
ardized escapements, pre- and post-1980-1.pdf  used on input line 297.
(pdftex.def)             Requested size: 433.63878pt x 578.18504pt.

LaTeX Warning: `!h' float specifier changed to `!ht'.

<spatial-script_files/figure-latex/Corr plots for moving average, pre- and post
-1980-1.pdf, id=181, 433.62pt x 578.16pt>
File: spatial-script_files/figure-latex/Corr plots for moving average, pre- and
 post-1980-1.pdf Graphic file (type pdf)
<use spatial-script_files/figure-latex/Corr plots for moving average, pre- and 
post-1980-1.pdf>
Package pdftex.def Info: spatial-script_files/figure-latex/Corr plots for movin
g average, pre- and post-1980-1.pdf  used on input line 308.
(pdftex.def)             Requested size: 433.63878pt x 578.18504pt.

LaTeX Warning: `!h' float specifier changed to `!ht'.

<spatial-script_files/figure-latex/z-score tanglegram-1.pdf, id=182, 433.62pt x
 578.16pt>
File: spatial-script_files/figure-latex/z-score tanglegram-1.pdf Graphic file (
type pdf)
<use spatial-script_files/figure-latex/z-score tanglegram-1.pdf>
Package pdftex.def Info: spatial-script_files/figure-latex/z-score tanglegram-1
.pdf  used on input line 322.
(pdftex.def)             Requested size: 433.63878pt x 578.18504pt.

LaTeX Warning: `!h' float specifier changed to `!ht'.

[12 <./spatial-script_files/figure-latex/tanglegram z vs log-1.pdf>]
<spatial-script_files/figure-latex/Log escapements tanglegram-1.pdf, id=195, 43
3.62pt x 578.16pt>
File: spatial-script_files/figure-latex/Log escapements tanglegram-1.pdf Graphi
c file (type pdf)
<use spatial-script_files/figure-latex/Log escapements tanglegram-1.pdf>
Package pdftex.def Info: spatial-script_files/figure-latex/Log escapements tang
legram-1.pdf  used on input line 333.
(pdftex.def)             Requested size: 433.63878pt x 578.18504pt.

LaTeX Warning: `!h' float specifier changed to `!ht'.

<spatial-script_files/figure-latex/Standardized escapements tanglegram-1.pdf, i
d=196, 433.62pt x 578.16pt>
File: spatial-script_files/figure-latex/Standardized escapements tanglegram-1.p
df Graphic file (type pdf)
<use spatial-script_files/figure-latex/Standardized escapements tanglegram-1.pd
f>
Package pdftex.def Info: spatial-script_files/figure-latex/Standardized escapem
ents tanglegram-1.pdf  used on input line 344.
(pdftex.def)             Requested size: 433.63878pt x 578.18504pt.

LaTeX Warning: `!h' float specifier changed to `!ht'.

<spatial-script_files/figure-latex/Moving averages tanglegram-1.pdf, id=197, 43
3.62pt x 578.16pt>
File: spatial-script_files/figure-latex/Moving averages tanglegram-1.pdf Graphi
c file (type pdf)
<use spatial-script_files/figure-latex/Moving averages tanglegram-1.pdf>
Package pdftex.def Info: spatial-script_files/figure-latex/Moving averages tang
legram-1.pdf  used on input line 355.
(pdftex.def)             Requested size: 433.63878pt x 578.18504pt.

LaTeX Warning: `!h' float specifier changed to `!ht'.

[13 <./spatial-script_files/figure-latex/tanglegram z vs standardized esc-1.pdf
>] [14 <./spatial-script_files/figure-latex/tanglegram a vs m.ave-1.pdf>] [15 <
./spatial-script_files/figure-latex/Corr plots for z-score, pre- and post-1980-
1.pdf>] [16 <./spatial-script_files/figure-latex/Corr plots for log escapement,
 pre- and post-1980-1.pdf>] [17 <./spatial-script_files/figure-latex/Corr plots
 for standardized escapements, pre- and post-1980-1.pdf>] [18 <./spatial-script
_files/figure-latex/Corr plots for moving average, pre- and post-1980-1.pdf>] [
19 <./spatial-script_files/figure-latex/z-score tanglegram-1.pdf>] [20 <./spati
al-script_files/figure-latex/Log escapements tanglegram-1.pdf>] [21 <./spatial-
script_files/figure-latex/Standardized escapements tanglegram-1.pdf>] [22 <./sp
atial-script_files/figure-latex/Moving averages tanglegram-1.pdf>] (spatial-scr
ipt.aux) ) 
Here is how much of TeX's memory you used:
 13475 strings out of 478547
 220053 string characters out of 2858250
 539183 words of memory out of 3000000
 31336 multiletter control sequences out of 15000+600000
 517277 words of font info for 95 fonts, out of 8000000 for 9000
 1141 hyphenation exceptions out of 8191
 74i,6n,77p,1013b,337s stack positions out of 10000i,1000n,20000p,200000b,80000s
{C:/MiKTeX/fonts/enc/dvips/lm/lm-ec.enc}<C:/MiKTeX/fonts/type1/public
/lm/lmbx10.pfb><C:/MiKTeX/fonts/type1/public/lm/lmbx12.pfb><C:/MiKTeX/fonts/typ
e1/public/lm/lmr10.pfb><C:/MiKTeX/fonts/type1/public/lm/lmr12.pfb><C:/MiKTeX/fo
nts/type1/public/lm/lmr17.pfb><C:/MiKTeX/fonts/type1/public/lm/lmtt10.pfb>
Output written on spatial-script.pdf (22 pages, 877674 bytes).
PDF statistics:
 393 PDF objects out of 1000 (max. 8388607)
 71 named destinations out of 1000 (max. 500000)
 26834 words of extra memory for PDF output out of 29859 (max. 10000000)

